2023-09-08 11:20:23:205 grammar LogManager.java:25 before: (LEXER_GRAMMAR SwiftLexer (RULES (RULE INT (BLOCK (ALT 'Int'))) (RULE FLOAT (BLOCK (ALT 'Float'))) (RULE BOOL (BLOCK (ALT 'Bool'))) (RULE STR (BLOCK (ALT 'String'))) (RULE TRU (BLOCK (ALT 'true'))) (RULE FAL (BLOCK (ALT 'false'))) (RULE PRINT (BLOCK (ALT 'print'))) (RULE IF (BLOCK (ALT 'if'))) (RULE ELSE (BLOCK (ALT 'else'))) (RULE WHILE (BLOCK (ALT 'while'))) (RULE FOR (BLOCK (ALT 'for'))) (RULE IN (BLOCK (ALT 'in'))) (RULE VAR (BLOCK (ALT 'var'))) (RULE LET (BLOCK (ALT 'let'))) (RULE NIL (BLOCK (ALT 'nil'))) (RULE BREAK (BLOCK (ALT 'break'))) (RULE CONTINUE (BLOCK (ALT 'continue'))) (RULE APPEND (BLOCK (ALT 'append'))) (RULE REMOVELAST (BLOCK (ALT 'removeLast'))) (RULE REMOVE (BLOCK (ALT 'remove'))) (RULE AT (BLOCK (ALT 'at'))) (RULE ISEMPTY (BLOCK (ALT 'IsEmpty'))) (RULE COUNT (BLOCK (ALT 'count'))) (RULE ARRAY (BLOCK (ALT 'array'))) (RULE NUMBER (BLOCK (ALT (+ (BLOCK (ALT [0-9]))) (? (BLOCK (ALT '.' (+ (BLOCK (ALT [0-9]))))))))) (RULE STRING (BLOCK (ALT '"' (* (BLOCK (ALT (~ (SET ["]))))) '"'))) (RULE ID (BLOCK (ALT (BLOCK (ALT [a-zA-Z_])) (* (BLOCK (ALT [a-zA-Z0-9_])))))) (RULE DIFE (BLOCK (ALT '!='))) (RULE IG_IG (BLOCK (ALT '=='))) (RULE NOT (BLOCK (ALT '!'))) (RULE OR (BLOCK (ALT '||'))) (RULE AND (BLOCK (ALT '&&'))) (RULE IGUAL (BLOCK (ALT '='))) (RULE MAYIG (BLOCK (ALT '>='))) (RULE MENIG (BLOCK (ALT '<='))) (RULE MAYOR (BLOCK (ALT '>'))) (RULE MENOR (BLOCK (ALT '<'))) (RULE MULT (BLOCK (ALT '*'))) (RULE DIV (BLOCK (ALT '/'))) (RULE SUM (BLOCK (ALT '+'))) (RULE RES (BLOCK (ALT '-'))) (RULE MOD (BLOCK (ALT '%'))) (RULE PAR_IZQ (BLOCK (ALT '('))) (RULE PAR_DER (BLOCK (ALT ')'))) (RULE LLAVE_IZQ (BLOCK (ALT '{'))) (RULE LLAVE_DER (BLOCK (ALT '}'))) (RULE DOSPUNTOS (BLOCK (ALT ':'))) (RULE COR_IZQ (BLOCK (ALT '['))) (RULE COR_DER (BLOCK (ALT ']'))) (RULE COMA (BLOCK (ALT ','))) (RULE CIERRAPREGUNTA (BLOCK (ALT '?'))) (RULE PUNTOCOMA (BLOCK (ALT ';'))) (RULE PUNTO (BLOCK (ALT '.'))) (RULE WHITESPACE (BLOCK (LEXER_ALT_ACTION (ALT (+ (BLOCK (ALT [ \\\r\n\t])))) skip))) (RULE COMMENT (BLOCK (LEXER_ALT_ACTION (ALT '/*' (* (BLOCK (ALT .))) '*/') skip))) (RULE LINE_COMMENT (BLOCK (LEXER_ALT_ACTION (ALT '//' (* (BLOCK (ALT (~ (SET [\r\n])))))) skip))) (RULE ESC_SEQ (RULEMODIFIERS fragment) (BLOCK (ALT '\\' (BLOCK (ALT '\\') (ALT '@') (ALT '[') (ALT ']') (ALT '.') (ALT '#') (ALT '+') (ALT '-') (ALT '!') (ALT ':') (ALT ' ')))))))
2023-09-08 11:20:23:246 grammar LogManager.java:25 after: (LEXER_GRAMMAR SwiftLexer (RULES (RULE INT (BLOCK (ALT 'Int'))) (RULE FLOAT (BLOCK (ALT 'Float'))) (RULE BOOL (BLOCK (ALT 'Bool'))) (RULE STR (BLOCK (ALT 'String'))) (RULE TRU (BLOCK (ALT 'true'))) (RULE FAL (BLOCK (ALT 'false'))) (RULE PRINT (BLOCK (ALT 'print'))) (RULE IF (BLOCK (ALT 'if'))) (RULE ELSE (BLOCK (ALT 'else'))) (RULE WHILE (BLOCK (ALT 'while'))) (RULE FOR (BLOCK (ALT 'for'))) (RULE IN (BLOCK (ALT 'in'))) (RULE VAR (BLOCK (ALT 'var'))) (RULE LET (BLOCK (ALT 'let'))) (RULE NIL (BLOCK (ALT 'nil'))) (RULE BREAK (BLOCK (ALT 'break'))) (RULE CONTINUE (BLOCK (ALT 'continue'))) (RULE APPEND (BLOCK (ALT 'append'))) (RULE REMOVELAST (BLOCK (ALT 'removeLast'))) (RULE REMOVE (BLOCK (ALT 'remove'))) (RULE AT (BLOCK (ALT 'at'))) (RULE ISEMPTY (BLOCK (ALT 'IsEmpty'))) (RULE COUNT (BLOCK (ALT 'count'))) (RULE ARRAY (BLOCK (ALT 'array'))) (RULE NUMBER (BLOCK (ALT (+ (BLOCK (ALT [0-9]))) (? (BLOCK (ALT '.' (+ (BLOCK (ALT [0-9]))))))))) (RULE STRING (BLOCK (ALT '"' (* (BLOCK (ALT (~ (SET ["]))))) '"'))) (RULE ID (BLOCK (ALT (BLOCK (ALT [a-zA-Z_])) (* (BLOCK (ALT [a-zA-Z0-9_])))))) (RULE DIFE (BLOCK (ALT '!='))) (RULE IG_IG (BLOCK (ALT '=='))) (RULE NOT (BLOCK (ALT '!'))) (RULE OR (BLOCK (ALT '||'))) (RULE AND (BLOCK (ALT '&&'))) (RULE IGUAL (BLOCK (ALT '='))) (RULE MAYIG (BLOCK (ALT '>='))) (RULE MENIG (BLOCK (ALT '<='))) (RULE MAYOR (BLOCK (ALT '>'))) (RULE MENOR (BLOCK (ALT '<'))) (RULE MULT (BLOCK (ALT '*'))) (RULE DIV (BLOCK (ALT '/'))) (RULE SUM (BLOCK (ALT '+'))) (RULE RES (BLOCK (ALT '-'))) (RULE MOD (BLOCK (ALT '%'))) (RULE PAR_IZQ (BLOCK (ALT '('))) (RULE PAR_DER (BLOCK (ALT ')'))) (RULE LLAVE_IZQ (BLOCK (ALT '{'))) (RULE LLAVE_DER (BLOCK (ALT '}'))) (RULE DOSPUNTOS (BLOCK (ALT ':'))) (RULE COR_IZQ (BLOCK (ALT '['))) (RULE COR_DER (BLOCK (ALT ']'))) (RULE COMA (BLOCK (ALT ','))) (RULE CIERRAPREGUNTA (BLOCK (ALT '?'))) (RULE PUNTOCOMA (BLOCK (ALT ';'))) (RULE PUNTO (BLOCK (ALT '.'))) (RULE WHITESPACE (BLOCK (LEXER_ALT_ACTION (ALT (+ (BLOCK (ALT [ \\\r\n\t])))) skip))) (RULE COMMENT (BLOCK (LEXER_ALT_ACTION (ALT '/*' (* (BLOCK (ALT .))) '*/') skip))) (RULE LINE_COMMENT (BLOCK (LEXER_ALT_ACTION (ALT '//' (* (BLOCK (ALT (~ (SET [\r\n])))))) skip))) (RULE ESC_SEQ (RULEMODIFIERS fragment) (BLOCK (ALT '\\' (SET '\\' '@' '[' ']' '.' '#' '+' '-' '!' ':' ' '))))))
2023-09-08 11:20:24:888 grammar LogManager.java:25 before: (COMBINED_GRAMMAR SwiftGrammar (OPTIONS (= tokenVocab SwiftLexer)) (@ header {
    import "Proyecto1_OLC2_2S2023_202101648/interfaces"
    import "Proyecto1_OLC2_2S2023_202101648/Environment"
    import "Proyecto1_OLC2_2S2023_202101648/expressions"
    import "Proyecto1_OLC2_2S2023_202101648/instructions"
    import "strings"
}) (RULES (RULE s (returns []interface{} code) (BLOCK (ALT block EOF {   
        $code = $block.blk
    }))) (RULE block (returns []interface{} blk) (@ init {
    $blk = []interface{}{}
    var listInt []IInstructionContext
  }) (BLOCK (ALT (+ (BLOCK (ALT (+= ins instruction)))) {
        listInt = localctx.(*BlockContext).GetIns()
        for _, e := range listInt {
            $blk = append($blk, e.GetInst())
        }
    }))) (RULE instruction (returns interfaces.Instruction inst) (BLOCK (ALT printstmt (? (BLOCK (ALT PUNTOCOMA))) { $inst = $printstmt.prnt}) (ALT ifstmt { $inst = $ifstmt.ifinst }) (ALT declarationstmt (? (BLOCK (ALT PUNTOCOMA))) { $inst = $declarationstmt.dec }) (ALT asignationstmt (? (BLOCK (ALT PUNTOCOMA))) { $inst = $asignationstmt.asig }) (ALT whilestmt { $inst = $whilestmt.whileinst }) (ALT forstmt { $inst = $forstmt.forinst }) (ALT BREAK (? (BLOCK (ALT PUNTOCOMA))) {$inst = instructions.NewBreak($BREAK.line, $BREAK.pos)}) (ALT CONTINUE (? (BLOCK (ALT PUNTOCOMA))) {$inst = instructions.NewContinue($CONTINUE.line, $CONTINUE.pos)}))) (RULE printstmt (returns interfaces.Instruction prnt) (BLOCK (ALT PRINT PAR_IZQ listParams PAR_DER { $prnt = instructions.NewPrint($PRINT.line,$PRINT.pos,$listParams.l)}))) (RULE blockelsif (returns []interface{} blkif) (@ init {
    $blkif = []interface{}{}
    var listIfs []IIfstmtContext
    }) (BLOCK (ALT (+ (BLOCK (ALT (+= elseif ifstmt)))) {
        listIfs = localctx.(*BlockelsifContext).GetElseif()
        for _, e := range listIfs {
            $blkif = append($blkif, e.GetIfinst())
        }
    }))) (RULE ifstmt (returns interfaces.Instruction ifinst) (BLOCK (ALT IF expr LLAVE_IZQ block LLAVE_DER { $ifinst = instructions.NewIf($IF.line, $IF.pos, $expr.e, $block.blk, nil) }) (ALT IF expr LLAVE_IZQ (= ifblck block) LLAVE_DER ELSE LLAVE_IZQ (= elseblck block) LLAVE_DER {$ifinst = instructions.NewIf($IF.line, $IF.pos, $expr.e, $ifblck.blk, $elseblck.blk)}) (ALT IF expr LLAVE_IZQ (= ifblck block) LLAVE_DER ELSE blockelsif {$ifinst = instructions.NewIf($IF.line, $IF.pos, $expr.e, $ifblck.blk, $blockelsif.blkif)}))) (RULE whilestmt (returns interfaces.Instruction whileinst) (BLOCK (ALT WHILE expr LLAVE_IZQ block LLAVE_DER { $whileinst = instructions.NewWhile($WHILE.line, $WHILE.pos, $expr.e, $block.blk) }))) (RULE forstmt (returns interfaces.Instruction forinst) (BLOCK (ALT FOR ID IN exprFor LLAVE_IZQ block LLAVE_DER {$forinst = instructions.NewFor($FOR.line, $FOR.pos, $ID.text, $exprFor.e, $block.blk)}))) (RULE declarationstmt (returns interfaces.Instruction dec) (BLOCK (ALT VAR ID DOSPUNTOS types IGUAL expr { $dec = instructions.NewDeclaracion($VAR.line, $VAR.pos, $ID.text,true, $types.ty, $expr.e) }) (ALT VAR ID IGUAL expr { $dec = instructions.NewDeclaracion($VAR.line, $VAR.pos, $ID.text,true,environment.DEPENDIENTE, $expr.e) }) (ALT VAR ID DOSPUNTOS types CIERRAPREGUNTA { $dec = instructions.NewDeclaracion($VAR.line, $VAR.pos, $ID.text,true, $types.ty, nil) }) (ALT VAR ID DOSPUNTOS COR_IZQ types COR_DER IGUAL exprvector { $dec = instructions.NewDeclaracionVector($VAR.line, $VAR.pos, $ID.text,true, $types.ty, $exprvector.exprv) }) (ALT VAR ID DOSPUNTOS typesmatriz IGUAL expr { $dec = instructions.NewDeclaracion($VAR.line, $VAR.pos, $ID.text,true, $types.ty, $expr.e) }) (ALT LET ID DOSPUNTOS types IGUAL expr { $dec = instructions.NewDeclaracion($LET.line, $LET.pos, $ID.text,false, $types.ty, $expr.e) }) (ALT LET ID IGUAL expr { $dec = instructions.NewDeclaracion($LET.line, $LET.pos, $ID.text,false,environment.DEPENDIENTE, $expr.e) }))) (RULE asignationstmt (returns interfaces.Instruction asig) (BLOCK (ALT ID IGUAL expr { $asig = instructions.NewAsignacion($ID.line, $ID.pos, $ID.text, $expr.e) }) (ALT ID (= op (BLOCK (ALT SUM) (ALT RES))) IGUAL expr {$asig = instructions.NewOperacionAsignacion($ID.line, $ID.pos, $ID.text, $expr.e, $op.text)}))) (RULE types (returns environment.TipoExpresion ty) (BLOCK (ALT INT { $ty = environment.INTEGER }) (ALT FLOAT { $ty = environment.FLOAT }) (ALT STR { $ty = environment.STRING }) (ALT BOOL { $ty = environment.BOOLEAN }))) (RULE typesmatriz (returns []interface{} tm) (BLOCK (ALT COR_IZQ typesmatriz COR_DER {}) (ALT COR_IZQ types COR_DER {}))) (RULE exprFor (returns interfaces.Expression e) (BLOCK (ALT (= range1 expr) PUNTO PUNTO PUNTO (= range2 expr) {$e = expressions.NewForRange($range1.start.GetLine(), $range1.start.GetColumn(), $range1.e, $range2.e)}) (ALT expr {$e = $expr.e}))) (RULE expr (returns interfaces.Expression e) (BLOCK (ALT RES (= left expr) { $e = expressions.NewOperation($RES.line, $RES.pos, $left.e, "UNARIO", nil) }) (ALT (= left expr) (= op (BLOCK (ALT MULT) (ALT DIV) (ALT MOD))) (= right expr) { $e = expressions.NewOperation($left.start.GetLine(), $left.start.GetColumn(), $left.e, $op.text, $right.e) }) (ALT (= left expr) (= op (BLOCK (ALT SUM) (ALT RES))) (= right expr) { $e = expressions.NewOperation($left.start.GetLine(), $left.start.GetColumn(), $left.e, $op.text, $right.e) }) (ALT (= left expr) (= op (BLOCK (ALT MAYIG) (ALT MAYOR))) (= right expr) { $e = expressions.NewOperation($left.start.GetLine(), $left.start.GetColumn(), $left.e, $op.text, $right.e) }) (ALT (= left expr) (= op (BLOCK (ALT MENIG) (ALT MENOR))) (= right expr) { $e = expressions.NewOperation($left.start.GetLine(), $left.start.GetColumn(), $left.e, $op.text, $right.e) }) (ALT (= left expr) (= op (BLOCK (ALT IG_IG) (ALT DIFE))) (= right expr) { $e = expressions.NewOperation($left.start.GetLine(), $left.start.GetColumn(), $left.e, $op.text, $right.e) }) (ALT NOT (= left expr) {$e = expressions.NewOperation($NOT.line, $NOT.pos, $left.e, $NOT.text, nil)}) (ALT (= left expr) (= op AND) (= right expr) { $e = expressions.NewOperation($left.start.GetLine(), $left.start.GetColumn(), $left.e, $op.text, $right.e) }) (ALT (= left expr) (= op OR) (= right expr) { $e = expressions.NewOperation($left.start.GetLine(), $left.start.GetColumn(), $left.e, $op.text, $right.e) }) (ALT PAR_IZQ expr PAR_DER { $e = $expr.e }) (ALT conversionstmt { $e = $conversionstmt.conv }) (ALT (= list listArray) { $e = $list.p}) (ALT COR_IZQ listParams COR_DER { $e = expressions.NewArray($COR_IZQ.line, $COR_IZQ.pos, $listParams.l) }) (ALT NUMBER {
        if (strings.Contains($NUMBER.text,".")){
            num,err := strconv.ParseFloat($NUMBER.text, 64);
            if err!= nil{
                fmt.Println(err)
            }
            $e = expressions.NewPrimitive($NUMBER.line,$NUMBER.pos,num,environment.FLOAT)
        }else{
            num,err := strconv.Atoi($NUMBER.text)
            if err!= nil{
                fmt.Println(err)
            }
            $e = expressions.NewPrimitive($NUMBER.line,$NUMBER.pos,num,environment.INTEGER)
        }
    }) (ALT STRING {
        str := $STRING.text
        $e = expressions.NewPrimitive($STRING.line, $STRING.pos, str[1:len(str)-1],environment.STRING)
    }) (ALT TRU { $e = expressions.NewPrimitive($TRU.line, $TRU.pos, true, environment.BOOLEAN) }) (ALT FAL { $e = expressions.NewPrimitive($FAL.line, $FAL.pos, false, environment.BOOLEAN) }) (ALT NIL { $e = expressions.NewPrimitive($NIL.line, $NIL.pos, nil, environment.NULL) }))) (RULE conversionstmt (returns interfaces.Expression conv) (BLOCK (ALT INT PAR_IZQ expr PAR_DER { $conv = expressions.NewToInt($INT.line, $INT.pos, $expr.e) }) (ALT FLOAT PAR_IZQ expr PAR_DER { $conv = expressions.NewToFloat($FLOAT.line, $FLOAT.pos, $expr.e) }) (ALT STR PAR_IZQ expr PAR_DER { $conv = expressions.NewToString($STR.line, $STR.pos, $expr.e) }))) (RULE exprvector (returns interfaces.Expression exprv) (BLOCK (ALT COR_IZQ listParams COR_DER { $exprv = expressions.NewVector($COR_IZQ.line, $COR_IZQ.pos, $listParams.l) }) (ALT COR_IZQ COR_DER { $exprv = expressions.NewVector($COR_IZQ.line, $COR_IZQ.pos, nil) }) (ALT ID { $exprv = expressions.NewLlamadoVar($ID.line, $ID.pos, $ID.text)}))) (RULE listParams (returns []interface{} l) (BLOCK (ALT (= list listParams) COMA expr {
                                var arr []interface{}
                                arr = append($list.l, $expr.e)
                                $l = arr
                            }) (ALT expr {
            $l = []interface{}{}
            $l = append($l, $expr.e)
        }))) (RULE listArray (returns interfaces.Expression p) (BLOCK (ALT (= list listArray) COR_IZQ expr COR_DER { $p = expressions.NewArrayAccess($list.start.GetLine(), $list.start.GetColumn(), $list.p, $expr.e) }) (ALT ID { $p = expressions.NewLlamadoVar($ID.line, $ID.pos, $ID.text)})))))
2023-09-08 11:20:24:901 grammar LogManager.java:25 after: (COMBINED_GRAMMAR SwiftGrammar (OPTIONS (= tokenVocab SwiftLexer)) (@ header {
    import "Proyecto1_OLC2_2S2023_202101648/interfaces"
    import "Proyecto1_OLC2_2S2023_202101648/Environment"
    import "Proyecto1_OLC2_2S2023_202101648/expressions"
    import "Proyecto1_OLC2_2S2023_202101648/instructions"
    import "strings"
}) (RULES (RULE s (returns []interface{} code) (BLOCK (ALT block EOF {   
        $code = $block.blk
    }))) (RULE block (returns []interface{} blk) (@ init {
    $blk = []interface{}{}
    var listInt []IInstructionContext
  }) (BLOCK (ALT (+ (BLOCK (ALT (+= ins instruction)))) {
        listInt = localctx.(*BlockContext).GetIns()
        for _, e := range listInt {
            $blk = append($blk, e.GetInst())
        }
    }))) (RULE instruction (returns interfaces.Instruction inst) (BLOCK (ALT printstmt (? (BLOCK (ALT PUNTOCOMA))) { $inst = $printstmt.prnt}) (ALT ifstmt { $inst = $ifstmt.ifinst }) (ALT declarationstmt (? (BLOCK (ALT PUNTOCOMA))) { $inst = $declarationstmt.dec }) (ALT asignationstmt (? (BLOCK (ALT PUNTOCOMA))) { $inst = $asignationstmt.asig }) (ALT whilestmt { $inst = $whilestmt.whileinst }) (ALT forstmt { $inst = $forstmt.forinst }) (ALT BREAK (? (BLOCK (ALT PUNTOCOMA))) {$inst = instructions.NewBreak($BREAK.line, $BREAK.pos)}) (ALT CONTINUE (? (BLOCK (ALT PUNTOCOMA))) {$inst = instructions.NewContinue($CONTINUE.line, $CONTINUE.pos)}))) (RULE printstmt (returns interfaces.Instruction prnt) (BLOCK (ALT PRINT PAR_IZQ listParams PAR_DER { $prnt = instructions.NewPrint($PRINT.line,$PRINT.pos,$listParams.l)}))) (RULE blockelsif (returns []interface{} blkif) (@ init {
    $blkif = []interface{}{}
    var listIfs []IIfstmtContext
    }) (BLOCK (ALT (+ (BLOCK (ALT (+= elseif ifstmt)))) {
        listIfs = localctx.(*BlockelsifContext).GetElseif()
        for _, e := range listIfs {
            $blkif = append($blkif, e.GetIfinst())
        }
    }))) (RULE ifstmt (returns interfaces.Instruction ifinst) (BLOCK (ALT IF expr LLAVE_IZQ block LLAVE_DER { $ifinst = instructions.NewIf($IF.line, $IF.pos, $expr.e, $block.blk, nil) }) (ALT IF expr LLAVE_IZQ (= ifblck block) LLAVE_DER ELSE LLAVE_IZQ (= elseblck block) LLAVE_DER {$ifinst = instructions.NewIf($IF.line, $IF.pos, $expr.e, $ifblck.blk, $elseblck.blk)}) (ALT IF expr LLAVE_IZQ (= ifblck block) LLAVE_DER ELSE blockelsif {$ifinst = instructions.NewIf($IF.line, $IF.pos, $expr.e, $ifblck.blk, $blockelsif.blkif)}))) (RULE whilestmt (returns interfaces.Instruction whileinst) (BLOCK (ALT WHILE expr LLAVE_IZQ block LLAVE_DER { $whileinst = instructions.NewWhile($WHILE.line, $WHILE.pos, $expr.e, $block.blk) }))) (RULE forstmt (returns interfaces.Instruction forinst) (BLOCK (ALT FOR ID IN exprFor LLAVE_IZQ block LLAVE_DER {$forinst = instructions.NewFor($FOR.line, $FOR.pos, $ID.text, $exprFor.e, $block.blk)}))) (RULE declarationstmt (returns interfaces.Instruction dec) (BLOCK (ALT VAR ID DOSPUNTOS types IGUAL expr { $dec = instructions.NewDeclaracion($VAR.line, $VAR.pos, $ID.text,true, $types.ty, $expr.e) }) (ALT VAR ID IGUAL expr { $dec = instructions.NewDeclaracion($VAR.line, $VAR.pos, $ID.text,true,environment.DEPENDIENTE, $expr.e) }) (ALT VAR ID DOSPUNTOS types CIERRAPREGUNTA { $dec = instructions.NewDeclaracion($VAR.line, $VAR.pos, $ID.text,true, $types.ty, nil) }) (ALT VAR ID DOSPUNTOS COR_IZQ types COR_DER IGUAL exprvector { $dec = instructions.NewDeclaracionVector($VAR.line, $VAR.pos, $ID.text,true, $types.ty, $exprvector.exprv) }) (ALT VAR ID DOSPUNTOS typesmatriz IGUAL expr { $dec = instructions.NewDeclaracion($VAR.line, $VAR.pos, $ID.text,true, $types.ty, $expr.e) }) (ALT LET ID DOSPUNTOS types IGUAL expr { $dec = instructions.NewDeclaracion($LET.line, $LET.pos, $ID.text,false, $types.ty, $expr.e) }) (ALT LET ID IGUAL expr { $dec = instructions.NewDeclaracion($LET.line, $LET.pos, $ID.text,false,environment.DEPENDIENTE, $expr.e) }))) (RULE asignationstmt (returns interfaces.Instruction asig) (BLOCK (ALT ID IGUAL expr { $asig = instructions.NewAsignacion($ID.line, $ID.pos, $ID.text, $expr.e) }) (ALT ID (= op (SET SUM RES)) IGUAL expr {$asig = instructions.NewOperacionAsignacion($ID.line, $ID.pos, $ID.text, $expr.e, $op.text)}))) (RULE types (returns environment.TipoExpresion ty) (BLOCK (ALT INT { $ty = environment.INTEGER }) (ALT FLOAT { $ty = environment.FLOAT }) (ALT STR { $ty = environment.STRING }) (ALT BOOL { $ty = environment.BOOLEAN }))) (RULE typesmatriz (returns []interface{} tm) (BLOCK (ALT COR_IZQ typesmatriz COR_DER {}) (ALT COR_IZQ types COR_DER {}))) (RULE exprFor (returns interfaces.Expression e) (BLOCK (ALT (= range1 expr) PUNTO PUNTO PUNTO (= range2 expr) {$e = expressions.NewForRange($range1.start.GetLine(), $range1.start.GetColumn(), $range1.e, $range2.e)}) (ALT expr {$e = $expr.e}))) (RULE expr (returns interfaces.Expression e) (BLOCK (ALT RES (= left expr) { $e = expressions.NewOperation($RES.line, $RES.pos, $left.e, "UNARIO", nil) }) (ALT (= left expr) (= op (SET MULT DIV MOD)) (= right expr) { $e = expressions.NewOperation($left.start.GetLine(), $left.start.GetColumn(), $left.e, $op.text, $right.e) }) (ALT (= left expr) (= op (SET SUM RES)) (= right expr) { $e = expressions.NewOperation($left.start.GetLine(), $left.start.GetColumn(), $left.e, $op.text, $right.e) }) (ALT (= left expr) (= op (SET MAYIG MAYOR)) (= right expr) { $e = expressions.NewOperation($left.start.GetLine(), $left.start.GetColumn(), $left.e, $op.text, $right.e) }) (ALT (= left expr) (= op (SET MENIG MENOR)) (= right expr) { $e = expressions.NewOperation($left.start.GetLine(), $left.start.GetColumn(), $left.e, $op.text, $right.e) }) (ALT (= left expr) (= op (SET IG_IG DIFE)) (= right expr) { $e = expressions.NewOperation($left.start.GetLine(), $left.start.GetColumn(), $left.e, $op.text, $right.e) }) (ALT NOT (= left expr) {$e = expressions.NewOperation($NOT.line, $NOT.pos, $left.e, $NOT.text, nil)}) (ALT (= left expr) (= op AND) (= right expr) { $e = expressions.NewOperation($left.start.GetLine(), $left.start.GetColumn(), $left.e, $op.text, $right.e) }) (ALT (= left expr) (= op OR) (= right expr) { $e = expressions.NewOperation($left.start.GetLine(), $left.start.GetColumn(), $left.e, $op.text, $right.e) }) (ALT PAR_IZQ expr PAR_DER { $e = $expr.e }) (ALT conversionstmt { $e = $conversionstmt.conv }) (ALT (= list listArray) { $e = $list.p}) (ALT COR_IZQ listParams COR_DER { $e = expressions.NewArray($COR_IZQ.line, $COR_IZQ.pos, $listParams.l) }) (ALT NUMBER {
        if (strings.Contains($NUMBER.text,".")){
            num,err := strconv.ParseFloat($NUMBER.text, 64);
            if err!= nil{
                fmt.Println(err)
            }
            $e = expressions.NewPrimitive($NUMBER.line,$NUMBER.pos,num,environment.FLOAT)
        }else{
            num,err := strconv.Atoi($NUMBER.text)
            if err!= nil{
                fmt.Println(err)
            }
            $e = expressions.NewPrimitive($NUMBER.line,$NUMBER.pos,num,environment.INTEGER)
        }
    }) (ALT STRING {
        str := $STRING.text
        $e = expressions.NewPrimitive($STRING.line, $STRING.pos, str[1:len(str)-1],environment.STRING)
    }) (ALT TRU { $e = expressions.NewPrimitive($TRU.line, $TRU.pos, true, environment.BOOLEAN) }) (ALT FAL { $e = expressions.NewPrimitive($FAL.line, $FAL.pos, false, environment.BOOLEAN) }) (ALT NIL { $e = expressions.NewPrimitive($NIL.line, $NIL.pos, nil, environment.NULL) }))) (RULE conversionstmt (returns interfaces.Expression conv) (BLOCK (ALT INT PAR_IZQ expr PAR_DER { $conv = expressions.NewToInt($INT.line, $INT.pos, $expr.e) }) (ALT FLOAT PAR_IZQ expr PAR_DER { $conv = expressions.NewToFloat($FLOAT.line, $FLOAT.pos, $expr.e) }) (ALT STR PAR_IZQ expr PAR_DER { $conv = expressions.NewToString($STR.line, $STR.pos, $expr.e) }))) (RULE exprvector (returns interfaces.Expression exprv) (BLOCK (ALT COR_IZQ listParams COR_DER { $exprv = expressions.NewVector($COR_IZQ.line, $COR_IZQ.pos, $listParams.l) }) (ALT COR_IZQ COR_DER { $exprv = expressions.NewVector($COR_IZQ.line, $COR_IZQ.pos, nil) }) (ALT ID { $exprv = expressions.NewLlamadoVar($ID.line, $ID.pos, $ID.text)}))) (RULE listParams (returns []interface{} l) (BLOCK (ALT (= list listParams) COMA expr {
                                var arr []interface{}
                                arr = append($list.l, $expr.e)
                                $l = arr
                            }) (ALT expr {
            $l = []interface{}{}
            $l = append($l, $expr.e)
        }))) (RULE listArray (returns interfaces.Expression p) (BLOCK (ALT (= list listArray) COR_IZQ expr COR_DER { $p = expressions.NewArrayAccess($list.start.GetLine(), $list.start.GetColumn(), $list.p, $expr.e) }) (ALT ID { $p = expressions.NewLlamadoVar($ID.line, $ID.pos, $ID.text)})))))
2023-09-08 11:20:24:905 grammar LogManager.java:25 after extract implicit lexer =(COMBINED_GRAMMAR SwiftGrammar (OPTIONS (= tokenVocab SwiftLexer)) (@ header {
    import "Proyecto1_OLC2_2S2023_202101648/interfaces"
    import "Proyecto1_OLC2_2S2023_202101648/Environment"
    import "Proyecto1_OLC2_2S2023_202101648/expressions"
    import "Proyecto1_OLC2_2S2023_202101648/instructions"
    import "strings"
}) (RULES (RULE s (returns []interface{} code) (BLOCK (ALT block EOF {   
        $code = $block.blk
    }))) (RULE block (returns []interface{} blk) (@ init {
    $blk = []interface{}{}
    var listInt []IInstructionContext
  }) (BLOCK (ALT (+ (BLOCK (ALT (+= ins instruction)))) {
        listInt = localctx.(*BlockContext).GetIns()
        for _, e := range listInt {
            $blk = append($blk, e.GetInst())
        }
    }))) (RULE instruction (returns interfaces.Instruction inst) (BLOCK (ALT printstmt (? (BLOCK (ALT PUNTOCOMA))) { $inst = $printstmt.prnt}) (ALT ifstmt { $inst = $ifstmt.ifinst }) (ALT declarationstmt (? (BLOCK (ALT PUNTOCOMA))) { $inst = $declarationstmt.dec }) (ALT asignationstmt (? (BLOCK (ALT PUNTOCOMA))) { $inst = $asignationstmt.asig }) (ALT whilestmt { $inst = $whilestmt.whileinst }) (ALT forstmt { $inst = $forstmt.forinst }) (ALT BREAK (? (BLOCK (ALT PUNTOCOMA))) {$inst = instructions.NewBreak($BREAK.line, $BREAK.pos)}) (ALT CONTINUE (? (BLOCK (ALT PUNTOCOMA))) {$inst = instructions.NewContinue($CONTINUE.line, $CONTINUE.pos)}))) (RULE printstmt (returns interfaces.Instruction prnt) (BLOCK (ALT PRINT PAR_IZQ listParams PAR_DER { $prnt = instructions.NewPrint($PRINT.line,$PRINT.pos,$listParams.l)}))) (RULE blockelsif (returns []interface{} blkif) (@ init {
    $blkif = []interface{}{}
    var listIfs []IIfstmtContext
    }) (BLOCK (ALT (+ (BLOCK (ALT (+= elseif ifstmt)))) {
        listIfs = localctx.(*BlockelsifContext).GetElseif()
        for _, e := range listIfs {
            $blkif = append($blkif, e.GetIfinst())
        }
    }))) (RULE ifstmt (returns interfaces.Instruction ifinst) (BLOCK (ALT IF expr LLAVE_IZQ block LLAVE_DER { $ifinst = instructions.NewIf($IF.line, $IF.pos, $expr.e, $block.blk, nil) }) (ALT IF expr LLAVE_IZQ (= ifblck block) LLAVE_DER ELSE LLAVE_IZQ (= elseblck block) LLAVE_DER {$ifinst = instructions.NewIf($IF.line, $IF.pos, $expr.e, $ifblck.blk, $elseblck.blk)}) (ALT IF expr LLAVE_IZQ (= ifblck block) LLAVE_DER ELSE blockelsif {$ifinst = instructions.NewIf($IF.line, $IF.pos, $expr.e, $ifblck.blk, $blockelsif.blkif)}))) (RULE whilestmt (returns interfaces.Instruction whileinst) (BLOCK (ALT WHILE expr LLAVE_IZQ block LLAVE_DER { $whileinst = instructions.NewWhile($WHILE.line, $WHILE.pos, $expr.e, $block.blk) }))) (RULE forstmt (returns interfaces.Instruction forinst) (BLOCK (ALT FOR ID IN exprFor LLAVE_IZQ block LLAVE_DER {$forinst = instructions.NewFor($FOR.line, $FOR.pos, $ID.text, $exprFor.e, $block.blk)}))) (RULE declarationstmt (returns interfaces.Instruction dec) (BLOCK (ALT VAR ID DOSPUNTOS types IGUAL expr { $dec = instructions.NewDeclaracion($VAR.line, $VAR.pos, $ID.text,true, $types.ty, $expr.e) }) (ALT VAR ID IGUAL expr { $dec = instructions.NewDeclaracion($VAR.line, $VAR.pos, $ID.text,true,environment.DEPENDIENTE, $expr.e) }) (ALT VAR ID DOSPUNTOS types CIERRAPREGUNTA { $dec = instructions.NewDeclaracion($VAR.line, $VAR.pos, $ID.text,true, $types.ty, nil) }) (ALT VAR ID DOSPUNTOS COR_IZQ types COR_DER IGUAL exprvector { $dec = instructions.NewDeclaracionVector($VAR.line, $VAR.pos, $ID.text,true, $types.ty, $exprvector.exprv) }) (ALT VAR ID DOSPUNTOS typesmatriz IGUAL expr { $dec = instructions.NewDeclaracion($VAR.line, $VAR.pos, $ID.text,true, $types.ty, $expr.e) }) (ALT LET ID DOSPUNTOS types IGUAL expr { $dec = instructions.NewDeclaracion($LET.line, $LET.pos, $ID.text,false, $types.ty, $expr.e) }) (ALT LET ID IGUAL expr { $dec = instructions.NewDeclaracion($LET.line, $LET.pos, $ID.text,false,environment.DEPENDIENTE, $expr.e) }))) (RULE asignationstmt (returns interfaces.Instruction asig) (BLOCK (ALT ID IGUAL expr { $asig = instructions.NewAsignacion($ID.line, $ID.pos, $ID.text, $expr.e) }) (ALT ID (= op (SET SUM RES)) IGUAL expr {$asig = instructions.NewOperacionAsignacion($ID.line, $ID.pos, $ID.text, $expr.e, $op.text)}))) (RULE types (returns environment.TipoExpresion ty) (BLOCK (ALT INT { $ty = environment.INTEGER }) (ALT FLOAT { $ty = environment.FLOAT }) (ALT STR { $ty = environment.STRING }) (ALT BOOL { $ty = environment.BOOLEAN }))) (RULE typesmatriz (returns []interface{} tm) (BLOCK (ALT COR_IZQ typesmatriz COR_DER {}) (ALT COR_IZQ types COR_DER {}))) (RULE exprFor (returns interfaces.Expression e) (BLOCK (ALT (= range1 expr) PUNTO PUNTO PUNTO (= range2 expr) {$e = expressions.NewForRange($range1.start.GetLine(), $range1.start.GetColumn(), $range1.e, $range2.e)}) (ALT expr {$e = $expr.e}))) (RULE expr (returns interfaces.Expression e) (BLOCK (ALT RES (= left expr) { $e = expressions.NewOperation($RES.line, $RES.pos, $left.e, "UNARIO", nil) }) (ALT (= left expr) (= op (SET MULT DIV MOD)) (= right expr) { $e = expressions.NewOperation($left.start.GetLine(), $left.start.GetColumn(), $left.e, $op.text, $right.e) }) (ALT (= left expr) (= op (SET SUM RES)) (= right expr) { $e = expressions.NewOperation($left.start.GetLine(), $left.start.GetColumn(), $left.e, $op.text, $right.e) }) (ALT (= left expr) (= op (SET MAYIG MAYOR)) (= right expr) { $e = expressions.NewOperation($left.start.GetLine(), $left.start.GetColumn(), $left.e, $op.text, $right.e) }) (ALT (= left expr) (= op (SET MENIG MENOR)) (= right expr) { $e = expressions.NewOperation($left.start.GetLine(), $left.start.GetColumn(), $left.e, $op.text, $right.e) }) (ALT (= left expr) (= op (SET IG_IG DIFE)) (= right expr) { $e = expressions.NewOperation($left.start.GetLine(), $left.start.GetColumn(), $left.e, $op.text, $right.e) }) (ALT NOT (= left expr) {$e = expressions.NewOperation($NOT.line, $NOT.pos, $left.e, $NOT.text, nil)}) (ALT (= left expr) (= op AND) (= right expr) { $e = expressions.NewOperation($left.start.GetLine(), $left.start.GetColumn(), $left.e, $op.text, $right.e) }) (ALT (= left expr) (= op OR) (= right expr) { $e = expressions.NewOperation($left.start.GetLine(), $left.start.GetColumn(), $left.e, $op.text, $right.e) }) (ALT PAR_IZQ expr PAR_DER { $e = $expr.e }) (ALT conversionstmt { $e = $conversionstmt.conv }) (ALT (= list listArray) { $e = $list.p}) (ALT COR_IZQ listParams COR_DER { $e = expressions.NewArray($COR_IZQ.line, $COR_IZQ.pos, $listParams.l) }) (ALT NUMBER {
        if (strings.Contains($NUMBER.text,".")){
            num,err := strconv.ParseFloat($NUMBER.text, 64);
            if err!= nil{
                fmt.Println(err)
            }
            $e = expressions.NewPrimitive($NUMBER.line,$NUMBER.pos,num,environment.FLOAT)
        }else{
            num,err := strconv.Atoi($NUMBER.text)
            if err!= nil{
                fmt.Println(err)
            }
            $e = expressions.NewPrimitive($NUMBER.line,$NUMBER.pos,num,environment.INTEGER)
        }
    }) (ALT STRING {
        str := $STRING.text
        $e = expressions.NewPrimitive($STRING.line, $STRING.pos, str[1:len(str)-1],environment.STRING)
    }) (ALT TRU { $e = expressions.NewPrimitive($TRU.line, $TRU.pos, true, environment.BOOLEAN) }) (ALT FAL { $e = expressions.NewPrimitive($FAL.line, $FAL.pos, false, environment.BOOLEAN) }) (ALT NIL { $e = expressions.NewPrimitive($NIL.line, $NIL.pos, nil, environment.NULL) }))) (RULE conversionstmt (returns interfaces.Expression conv) (BLOCK (ALT INT PAR_IZQ expr PAR_DER { $conv = expressions.NewToInt($INT.line, $INT.pos, $expr.e) }) (ALT FLOAT PAR_IZQ expr PAR_DER { $conv = expressions.NewToFloat($FLOAT.line, $FLOAT.pos, $expr.e) }) (ALT STR PAR_IZQ expr PAR_DER { $conv = expressions.NewToString($STR.line, $STR.pos, $expr.e) }))) (RULE exprvector (returns interfaces.Expression exprv) (BLOCK (ALT COR_IZQ listParams COR_DER { $exprv = expressions.NewVector($COR_IZQ.line, $COR_IZQ.pos, $listParams.l) }) (ALT COR_IZQ COR_DER { $exprv = expressions.NewVector($COR_IZQ.line, $COR_IZQ.pos, nil) }) (ALT ID { $exprv = expressions.NewLlamadoVar($ID.line, $ID.pos, $ID.text)}))) (RULE listParams (returns []interface{} l) (BLOCK (ALT (= list listParams) COMA expr {
                                var arr []interface{}
                                arr = append($list.l, $expr.e)
                                $l = arr
                            }) (ALT expr {
            $l = []interface{}{}
            $l = append($l, $expr.e)
        }))) (RULE listArray (returns interfaces.Expression p) (BLOCK (ALT (= list listArray) COR_IZQ expr COR_DER { $p = expressions.NewArrayAccess($list.start.GetLine(), $list.start.GetColumn(), $list.p, $expr.e) }) (ALT ID { $p = expressions.NewLlamadoVar($ID.line, $ID.pos, $ID.text)})))))
2023-09-08 11:20:24:905 grammar LogManager.java:25 lexer =(LEXER_GRAMMAR SwiftGrammarLexer OPTIONS (@ header {
    import "Proyecto1_OLC2_2S2023_202101648/interfaces"
    import "Proyecto1_OLC2_2S2023_202101648/Environment"
    import "Proyecto1_OLC2_2S2023_202101648/expressions"
    import "Proyecto1_OLC2_2S2023_202101648/instructions"
    import "strings"
}) RULES)
2023-09-08 11:20:24:996 left-recursion LogManager.java:25 expr returns [interfaces.Expression e]
    :   ( {} RES<tokenIndex=540> left=expr<tokenIndex=544,p=18> { $e = expressions.NewOperation($RES.line, $RES.pos, $left.e, "UNARIO", nil) } 
        | NOT<tokenIndex=652> left=expr<tokenIndex=656,p=12> {$e = expressions.NewOperation($NOT.line, $NOT.pos, $left.e, $NOT.text, nil)} 
        | PAR_IZQ<tokenIndex=694> expr<tokenIndex=696> PAR_DER<tokenIndex=698> { $e = $expr.e } 
        | conversionstmt<tokenIndex=704> { $e = $conversionstmt.conv } 
        | list=listArray<tokenIndex=712> { $e = $list.p} 
        | COR_IZQ<tokenIndex=718> listParams<tokenIndex=720> COR_DER<tokenIndex=722> { $e = expressions.NewArray($COR_IZQ.line, $COR_IZQ.pos, $listParams.l) } 
        | NUMBER<tokenIndex=728>                             
    {
        if (strings.Contains($NUMBER.text,".")){
            num,err := strconv.ParseFloat($NUMBER.text, 64);
            if err!= nil{
                fmt.Println(err)
            }
            $e = expressions.NewPrimitive($NUMBER.line,$NUMBER.pos,num,environment.FLOAT)
        }else{
            num,err := strconv.Atoi($NUMBER.text)
            if err!= nil{
                fmt.Println(err)
            }
            $e = expressions.NewPrimitive($NUMBER.line,$NUMBER.pos,num,environment.INTEGER)
        }
    } 
        | STRING<tokenIndex=734>
    {
        str := $STRING.text
        $e = expressions.NewPrimitive($STRING.line, $STRING.pos, str[1:len(str)-1],environment.STRING)
    } 
        | TRU<tokenIndex=740> { $e = expressions.NewPrimitive($TRU.line, $TRU.pos, true, environment.BOOLEAN) } 
        | FAL<tokenIndex=746> { $e = expressions.NewPrimitive($FAL.line, $FAL.pos, false, environment.BOOLEAN) } 
        | NIL<tokenIndex=752> { $e = expressions.NewPrimitive($NIL.line, $NIL.pos, nil, environment.NULL) } 
        )
        (
          {p.Precpred(p.GetParserRuleContext(), 17)}?<p=17> op=(MULT<tokenIndex=557>|DIV<tokenIndex=559>|MOD<tokenIndex=561>) right=expr<tokenIndex=566,p=18> { $e = expressions.NewOperation($left.start.GetLine(), $left.start.GetColumn(), $left.e, $op.text, $right.e) }
                  | {p.Precpred(p.GetParserRuleContext(), 16)}?<p=16> op=(SUM<tokenIndex=579>|RES<tokenIndex=581>) right=expr<tokenIndex=586,p=17> { $e = expressions.NewOperation($left.start.GetLine(), $left.start.GetColumn(), $left.e, $op.text, $right.e) }
                  | {p.Precpred(p.GetParserRuleContext(), 15)}?<p=15> op=(MAYIG<tokenIndex=599>|MAYOR<tokenIndex=601>) right=expr<tokenIndex=606,p=16> { $e = expressions.NewOperation($left.start.GetLine(), $left.start.GetColumn(), $left.e, $op.text, $right.e) }
                  | {p.Precpred(p.GetParserRuleContext(), 14)}?<p=14> op=(MENIG<tokenIndex=619>|MENOR<tokenIndex=621>) right=expr<tokenIndex=626,p=15> { $e = expressions.NewOperation($left.start.GetLine(), $left.start.GetColumn(), $left.e, $op.text, $right.e) }
                  | {p.Precpred(p.GetParserRuleContext(), 13)}?<p=13> op=(IG_IG<tokenIndex=639>|DIFE<tokenIndex=641>) right=expr<tokenIndex=646,p=14> { $e = expressions.NewOperation($left.start.GetLine(), $left.start.GetColumn(), $left.e, $op.text, $right.e) }
                  | {p.Precpred(p.GetParserRuleContext(), 11)}?<p=11> op=AND<tokenIndex=668> right=expr<tokenIndex=672,p=12> { $e = expressions.NewOperation($left.start.GetLine(), $left.start.GetColumn(), $left.e, $op.text, $right.e) }
                  | {p.Precpred(p.GetParserRuleContext(), 10)}?<p=10> op=OR<tokenIndex=684> right=expr<tokenIndex=688,p=11> { $e = expressions.NewOperation($left.start.GetLine(), $left.start.GetColumn(), $left.e, $op.text, $right.e) }
        )*
    ;
2023-09-08 11:20:25:115 grammar LogManager.java:25 added: (RULE expr (returns interfaces.Expression e) (BLOCK (ALT (BLOCK (ALT {} (RES (ELEMENT_OPTIONS (= tokenIndex 540))) (= left (expr (ELEMENT_OPTIONS (= tokenIndex 544) (= p 18)))) { $e = expressions.NewOperation($RES.line, $RES.pos, $left.e, "UNARIO", nil) }) (ALT (NOT (ELEMENT_OPTIONS (= tokenIndex 652))) (= left (expr (ELEMENT_OPTIONS (= tokenIndex 656) (= p 12)))) {$e = expressions.NewOperation($NOT.line, $NOT.pos, $left.e, $NOT.text, nil)}) (ALT (PAR_IZQ (ELEMENT_OPTIONS (= tokenIndex 694))) (expr (ELEMENT_OPTIONS (= tokenIndex 696))) (PAR_DER (ELEMENT_OPTIONS (= tokenIndex 698))) { $e = $expr.e }) (ALT (conversionstmt (ELEMENT_OPTIONS (= tokenIndex 704))) { $e = $conversionstmt.conv }) (ALT (= list (listArray (ELEMENT_OPTIONS (= tokenIndex 712)))) { $e = $list.p}) (ALT (COR_IZQ (ELEMENT_OPTIONS (= tokenIndex 718))) (listParams (ELEMENT_OPTIONS (= tokenIndex 720))) (COR_DER (ELEMENT_OPTIONS (= tokenIndex 722))) { $e = expressions.NewArray($COR_IZQ.line, $COR_IZQ.pos, $listParams.l) }) (ALT (NUMBER (ELEMENT_OPTIONS (= tokenIndex 728))) {
        if (strings.Contains($NUMBER.text,".")){
            num,err := strconv.ParseFloat($NUMBER.text, 64);
            if err!= nil{
                fmt.Println(err)
            }
            $e = expressions.NewPrimitive($NUMBER.line,$NUMBER.pos,num,environment.FLOAT)
        }else{
            num,err := strconv.Atoi($NUMBER.text)
            if err!= nil{
                fmt.Println(err)
            }
            $e = expressions.NewPrimitive($NUMBER.line,$NUMBER.pos,num,environment.INTEGER)
        }
    }) (ALT (STRING (ELEMENT_OPTIONS (= tokenIndex 734))) {
        str := $STRING.text
        $e = expressions.NewPrimitive($STRING.line, $STRING.pos, str[1:len(str)-1],environment.STRING)
    }) (ALT (TRU (ELEMENT_OPTIONS (= tokenIndex 740))) { $e = expressions.NewPrimitive($TRU.line, $TRU.pos, true, environment.BOOLEAN) }) (ALT (FAL (ELEMENT_OPTIONS (= tokenIndex 746))) { $e = expressions.NewPrimitive($FAL.line, $FAL.pos, false, environment.BOOLEAN) }) (ALT (NIL (ELEMENT_OPTIONS (= tokenIndex 752))) { $e = expressions.NewPrimitive($NIL.line, $NIL.pos, nil, environment.NULL) })) (* (BLOCK (ALT ({p.Precpred(p.GetParserRuleContext(), 17)}? (ELEMENT_OPTIONS (= p 17))) (= op (SET (MULT (ELEMENT_OPTIONS (= tokenIndex 557))) (DIV (ELEMENT_OPTIONS (= tokenIndex 559))) (MOD (ELEMENT_OPTIONS (= tokenIndex 561))))) (= right (expr (ELEMENT_OPTIONS (= tokenIndex 566) (= p 18)))) { $e = expressions.NewOperation($left.start.GetLine(), $left.start.GetColumn(), $left.e, $op.text, $right.e) }) (ALT ({p.Precpred(p.GetParserRuleContext(), 16)}? (ELEMENT_OPTIONS (= p 16))) (= op (SET (SUM (ELEMENT_OPTIONS (= tokenIndex 579))) (RES (ELEMENT_OPTIONS (= tokenIndex 581))))) (= right (expr (ELEMENT_OPTIONS (= tokenIndex 586) (= p 17)))) { $e = expressions.NewOperation($left.start.GetLine(), $left.start.GetColumn(), $left.e, $op.text, $right.e) }) (ALT ({p.Precpred(p.GetParserRuleContext(), 15)}? (ELEMENT_OPTIONS (= p 15))) (= op (SET (MAYIG (ELEMENT_OPTIONS (= tokenIndex 599))) (MAYOR (ELEMENT_OPTIONS (= tokenIndex 601))))) (= right (expr (ELEMENT_OPTIONS (= tokenIndex 606) (= p 16)))) { $e = expressions.NewOperation($left.start.GetLine(), $left.start.GetColumn(), $left.e, $op.text, $right.e) }) (ALT ({p.Precpred(p.GetParserRuleContext(), 14)}? (ELEMENT_OPTIONS (= p 14))) (= op (SET (MENIG (ELEMENT_OPTIONS (= tokenIndex 619))) (MENOR (ELEMENT_OPTIONS (= tokenIndex 621))))) (= right (expr (ELEMENT_OPTIONS (= tokenIndex 626) (= p 15)))) { $e = expressions.NewOperation($left.start.GetLine(), $left.start.GetColumn(), $left.e, $op.text, $right.e) }) (ALT ({p.Precpred(p.GetParserRuleContext(), 13)}? (ELEMENT_OPTIONS (= p 13))) (= op (SET (IG_IG (ELEMENT_OPTIONS (= tokenIndex 639))) (DIFE (ELEMENT_OPTIONS (= tokenIndex 641))))) (= right (expr (ELEMENT_OPTIONS (= tokenIndex 646) (= p 14)))) { $e = expressions.NewOperation($left.start.GetLine(), $left.start.GetColumn(), $left.e, $op.text, $right.e) }) (ALT ({p.Precpred(p.GetParserRuleContext(), 11)}? (ELEMENT_OPTIONS (= p 11))) (= op (AND (ELEMENT_OPTIONS (= tokenIndex 668)))) (= right (expr (ELEMENT_OPTIONS (= tokenIndex 672) (= p 12)))) { $e = expressions.NewOperation($left.start.GetLine(), $left.start.GetColumn(), $left.e, $op.text, $right.e) }) (ALT ({p.Precpred(p.GetParserRuleContext(), 10)}? (ELEMENT_OPTIONS (= p 10))) (= op (OR (ELEMENT_OPTIONS (= tokenIndex 684)))) (= right (expr (ELEMENT_OPTIONS (= tokenIndex 688) (= p 11)))) { $e = expressions.NewOperation($left.start.GetLine(), $left.start.GetColumn(), $left.e, $op.text, $right.e) }))))))
2023-09-08 11:20:25:116 left-recursion LogManager.java:25 listParams returns [[]interface{} l]
    :   ( {} expr<tokenIndex=853> {
            $l = []interface{}{}
            $l = append($l, $expr.e)
        } 
        )
        (
          {p.Precpred(p.GetParserRuleContext(), 2)}?<p=2> COMA<tokenIndex=845> expr<tokenIndex=847> {
                                          var arr []interface{}
                                          arr = append($list.l, $expr.e)
                                          $l = arr
                                      }
        )*
    ;
2023-09-08 11:20:25:120 grammar LogManager.java:25 added: (RULE listParams (returns []interface{} l) (BLOCK (ALT (BLOCK (ALT {} (expr (ELEMENT_OPTIONS (= tokenIndex 853))) {
            $l = []interface{}{}
            $l = append($l, $expr.e)
        })) (* (BLOCK (ALT ({p.Precpred(p.GetParserRuleContext(), 2)}? (ELEMENT_OPTIONS (= p 2))) (COMA (ELEMENT_OPTIONS (= tokenIndex 845))) (expr (ELEMENT_OPTIONS (= tokenIndex 847))) {
                                          var arr []interface{}
                                          arr = append($list.l, $expr.e)
                                          $l = arr
                                      }))))))
2023-09-08 11:20:25:123 left-recursion LogManager.java:25 listArray returns [interfaces.Expression p]
    :   ( {} ID<tokenIndex=882> { $p = expressions.NewLlamadoVar($ID.line, $ID.pos, $ID.text)} 
        )
        (
          {p.Precpred(p.GetParserRuleContext(), 2)}?<p=2> COR_IZQ<tokenIndex=872> expr<tokenIndex=874> COR_DER<tokenIndex=876> { $p = expressions.NewArrayAccess($list.start.GetLine(), $list.start.GetColumn(), $list.p, $expr.e) }
        )*
    ;
2023-09-08 11:20:25:131 grammar LogManager.java:25 added: (RULE listArray (returns interfaces.Expression p) (BLOCK (ALT (BLOCK (ALT {} (ID (ELEMENT_OPTIONS (= tokenIndex 882))) { $p = expressions.NewLlamadoVar($ID.line, $ID.pos, $ID.text)})) (* (BLOCK (ALT ({p.Precpred(p.GetParserRuleContext(), 2)}? (ELEMENT_OPTIONS (= p 2))) (COR_IZQ (ELEMENT_OPTIONS (= tokenIndex 872))) (expr (ELEMENT_OPTIONS (= tokenIndex 874))) (COR_DER (ELEMENT_OPTIONS (= tokenIndex 876))) { $p = expressions.NewArrayAccess($list.start.GetLine(), $list.start.GetColumn(), $list.p, $expr.e) }))))))
2023-09-08 11:20:25:183 grammar LogManager.java:25 import INT=1
2023-09-08 11:20:25:183 grammar LogManager.java:25 import FLOAT=2
2023-09-08 11:20:25:184 grammar LogManager.java:25 import BOOL=3
2023-09-08 11:20:25:184 grammar LogManager.java:25 import STR=4
2023-09-08 11:20:25:184 grammar LogManager.java:25 import TRU=5
2023-09-08 11:20:25:184 grammar LogManager.java:25 import FAL=6
2023-09-08 11:20:25:184 grammar LogManager.java:25 import PRINT=7
2023-09-08 11:20:25:184 grammar LogManager.java:25 import IF=8
2023-09-08 11:20:25:184 grammar LogManager.java:25 import ELSE=9
2023-09-08 11:20:25:184 grammar LogManager.java:25 import WHILE=10
2023-09-08 11:20:25:184 grammar LogManager.java:25 import FOR=11
2023-09-08 11:20:25:184 grammar LogManager.java:25 import IN=12
2023-09-08 11:20:25:184 grammar LogManager.java:25 import VAR=13
2023-09-08 11:20:25:184 grammar LogManager.java:25 import LET=14
2023-09-08 11:20:25:185 grammar LogManager.java:25 import NIL=15
2023-09-08 11:20:25:185 grammar LogManager.java:25 import BREAK=16
2023-09-08 11:20:25:185 grammar LogManager.java:25 import CONTINUE=17
2023-09-08 11:20:25:185 grammar LogManager.java:25 import APPEND=18
2023-09-08 11:20:25:185 grammar LogManager.java:25 import REMOVELAST=19
2023-09-08 11:20:25:185 grammar LogManager.java:25 import REMOVE=20
2023-09-08 11:20:25:185 grammar LogManager.java:25 import AT=21
2023-09-08 11:20:25:185 grammar LogManager.java:25 import ISEMPTY=22
2023-09-08 11:20:25:185 grammar LogManager.java:25 import COUNT=23
2023-09-08 11:20:25:185 grammar LogManager.java:25 import ARRAY=24
2023-09-08 11:20:25:185 grammar LogManager.java:25 import NUMBER=25
2023-09-08 11:20:25:185 grammar LogManager.java:25 import STRING=26
2023-09-08 11:20:25:185 grammar LogManager.java:25 import ID=27
2023-09-08 11:20:25:185 grammar LogManager.java:25 import DIFE=28
2023-09-08 11:20:25:187 grammar LogManager.java:25 import IG_IG=29
2023-09-08 11:20:25:188 grammar LogManager.java:25 import NOT=30
2023-09-08 11:20:25:188 grammar LogManager.java:25 import OR=31
2023-09-08 11:20:25:188 grammar LogManager.java:25 import AND=32
2023-09-08 11:20:25:188 grammar LogManager.java:25 import IGUAL=33
2023-09-08 11:20:25:188 grammar LogManager.java:25 import MAYIG=34
2023-09-08 11:20:25:188 grammar LogManager.java:25 import MENIG=35
2023-09-08 11:20:25:188 grammar LogManager.java:25 import MAYOR=36
2023-09-08 11:20:25:188 grammar LogManager.java:25 import MENOR=37
2023-09-08 11:20:25:188 grammar LogManager.java:25 import MULT=38
2023-09-08 11:20:25:189 grammar LogManager.java:25 import DIV=39
2023-09-08 11:20:25:189 grammar LogManager.java:25 import SUM=40
2023-09-08 11:20:25:189 grammar LogManager.java:25 import RES=41
2023-09-08 11:20:25:189 grammar LogManager.java:25 import MOD=42
2023-09-08 11:20:25:189 grammar LogManager.java:25 import PAR_IZQ=43
2023-09-08 11:20:25:189 grammar LogManager.java:25 import PAR_DER=44
2023-09-08 11:20:25:189 grammar LogManager.java:25 import LLAVE_IZQ=45
2023-09-08 11:20:25:189 grammar LogManager.java:25 import LLAVE_DER=46
2023-09-08 11:20:25:189 grammar LogManager.java:25 import DOSPUNTOS=47
2023-09-08 11:20:25:189 grammar LogManager.java:25 import COR_IZQ=48
2023-09-08 11:20:25:189 grammar LogManager.java:25 import COR_DER=49
2023-09-08 11:20:25:189 grammar LogManager.java:25 import COMA=50
2023-09-08 11:20:25:189 grammar LogManager.java:25 import CIERRAPREGUNTA=51
2023-09-08 11:20:25:189 grammar LogManager.java:25 import PUNTOCOMA=52
2023-09-08 11:20:25:189 grammar LogManager.java:25 import PUNTO=53
2023-09-08 11:20:25:189 grammar LogManager.java:25 import WHITESPACE=54
2023-09-08 11:20:25:190 grammar LogManager.java:25 import COMMENT=55
2023-09-08 11:20:25:190 grammar LogManager.java:25 import LINE_COMMENT=56
2023-09-08 11:20:25:190 grammar LogManager.java:25 import 'Int'=1
2023-09-08 11:20:25:190 grammar LogManager.java:25 import 'Float'=2
2023-09-08 11:20:25:190 grammar LogManager.java:25 import 'Bool'=3
2023-09-08 11:20:25:190 grammar LogManager.java:25 import 'String'=4
2023-09-08 11:20:25:190 grammar LogManager.java:25 import 'true'=5
2023-09-08 11:20:25:190 grammar LogManager.java:25 import 'false'=6
2023-09-08 11:20:25:190 grammar LogManager.java:25 import 'print'=7
2023-09-08 11:20:25:190 grammar LogManager.java:25 import 'if'=8
2023-09-08 11:20:25:190 grammar LogManager.java:25 import 'else'=9
2023-09-08 11:20:25:190 grammar LogManager.java:25 import 'while'=10
2023-09-08 11:20:25:190 grammar LogManager.java:25 import 'for'=11
2023-09-08 11:20:25:190 grammar LogManager.java:25 import 'in'=12
2023-09-08 11:20:25:191 grammar LogManager.java:25 import 'var'=13
2023-09-08 11:20:25:191 grammar LogManager.java:25 import 'let'=14
2023-09-08 11:20:25:191 grammar LogManager.java:25 import 'nil'=15
2023-09-08 11:20:25:191 grammar LogManager.java:25 import 'break'=16
2023-09-08 11:20:25:191 grammar LogManager.java:25 import 'continue'=17
2023-09-08 11:20:25:191 grammar LogManager.java:25 import 'append'=18
2023-09-08 11:20:25:191 grammar LogManager.java:25 import 'removeLast'=19
2023-09-08 11:20:25:191 grammar LogManager.java:25 import 'remove'=20
2023-09-08 11:20:25:191 grammar LogManager.java:25 import 'at'=21
2023-09-08 11:20:25:191 grammar LogManager.java:25 import 'IsEmpty'=22
2023-09-08 11:20:25:191 grammar LogManager.java:25 import 'count'=23
2023-09-08 11:20:25:191 grammar LogManager.java:25 import 'array'=24
2023-09-08 11:20:25:191 grammar LogManager.java:25 import '!='=28
2023-09-08 11:20:25:191 grammar LogManager.java:25 import '=='=29
2023-09-08 11:20:25:191 grammar LogManager.java:25 import '!'=30
2023-09-08 11:20:25:191 grammar LogManager.java:25 import '||'=31
2023-09-08 11:20:25:192 grammar LogManager.java:25 import '&&'=32
2023-09-08 11:20:25:192 grammar LogManager.java:25 import '='=33
2023-09-08 11:20:25:193 grammar LogManager.java:25 import '>='=34
2023-09-08 11:20:25:193 grammar LogManager.java:25 import '<='=35
2023-09-08 11:20:25:193 grammar LogManager.java:25 import '>'=36
2023-09-08 11:20:25:193 grammar LogManager.java:25 import '<'=37
2023-09-08 11:20:25:193 grammar LogManager.java:25 import '*'=38
2023-09-08 11:20:25:193 grammar LogManager.java:25 import '/'=39
2023-09-08 11:20:25:193 grammar LogManager.java:25 import '+'=40
2023-09-08 11:20:25:193 grammar LogManager.java:25 import '-'=41
2023-09-08 11:20:25:193 grammar LogManager.java:25 import '%'=42
2023-09-08 11:20:25:193 grammar LogManager.java:25 import '('=43
2023-09-08 11:20:25:193 grammar LogManager.java:25 import ')'=44
2023-09-08 11:20:25:193 grammar LogManager.java:25 import '{'=45
2023-09-08 11:20:25:193 grammar LogManager.java:25 import '}'=46
2023-09-08 11:20:25:193 grammar LogManager.java:25 import ':'=47
2023-09-08 11:20:25:193 grammar LogManager.java:25 import '['=48
2023-09-08 11:20:25:193 grammar LogManager.java:25 import ']'=49
2023-09-08 11:20:25:193 grammar LogManager.java:25 import ','=50
2023-09-08 11:20:25:193 grammar LogManager.java:25 import '?'=51
2023-09-08 11:20:25:193 grammar LogManager.java:25 import ';'=52
2023-09-08 11:20:25:193 grammar LogManager.java:25 import '.'=53
2023-09-08 11:20:25:194 grammar LogManager.java:25 tokens={INT=1, FLOAT=2, BOOL=3, STR=4, TRU=5, FAL=6, PRINT=7, IF=8, ELSE=9, WHILE=10, FOR=11, IN=12, VAR=13, LET=14, NIL=15, BREAK=16, CONTINUE=17, APPEND=18, REMOVELAST=19, REMOVE=20, AT=21, ISEMPTY=22, COUNT=23, ARRAY=24, NUMBER=25, STRING=26, ID=27, DIFE=28, IG_IG=29, NOT=30, OR=31, AND=32, IGUAL=33, MAYIG=34, MENIG=35, MAYOR=36, MENOR=37, MULT=38, DIV=39, SUM=40, RES=41, MOD=42, PAR_IZQ=43, PAR_DER=44, LLAVE_IZQ=45, LLAVE_DER=46, DOSPUNTOS=47, COR_IZQ=48, COR_DER=49, COMA=50, CIERRAPREGUNTA=51, PUNTOCOMA=52, PUNTO=53, WHITESPACE=54, COMMENT=55, LINE_COMMENT=56, 'Int'=1, 'Float'=2, 'Bool'=3, 'String'=4, 'true'=5, 'false'=6, 'print'=7, 'if'=8, 'else'=9, 'while'=10, 'for'=11, 'in'=12, 'var'=13, 'let'=14, 'nil'=15, 'break'=16, 'continue'=17, 'append'=18, 'removeLast'=19, 'remove'=20, 'at'=21, 'IsEmpty'=22, 'count'=23, 'array'=24, '!='=28, '=='=29, '!'=30, '||'=31, '&&'=32, '='=33, '>='=34, '<='=35, '>'=36, '<'=37, '*'=38, '/'=39, '+'=40, '-'=41, '%'=42, '('=43, ')'=44, '{'=45, '}'=46, ':'=47, '['=48, ']'=49, ','=50, '?'=51, ';'=52, '.'=53}
2023-09-08 11:20:25:195 semantics LogManager.java:25 tokens={EOF=-1, INT=1, FLOAT=2, BOOL=3, STR=4, TRU=5, FAL=6, PRINT=7, IF=8, ELSE=9, WHILE=10, FOR=11, IN=12, VAR=13, LET=14, NIL=15, BREAK=16, CONTINUE=17, APPEND=18, REMOVELAST=19, REMOVE=20, AT=21, ISEMPTY=22, COUNT=23, ARRAY=24, NUMBER=25, STRING=26, ID=27, DIFE=28, IG_IG=29, NOT=30, OR=31, AND=32, IGUAL=33, MAYIG=34, MENIG=35, MAYOR=36, MENOR=37, MULT=38, DIV=39, SUM=40, RES=41, MOD=42, PAR_IZQ=43, PAR_DER=44, LLAVE_IZQ=45, LLAVE_DER=46, DOSPUNTOS=47, COR_IZQ=48, COR_DER=49, COMA=50, CIERRAPREGUNTA=51, PUNTOCOMA=52, PUNTO=53, WHITESPACE=54, COMMENT=55, LINE_COMMENT=56}
2023-09-08 11:20:25:195 semantics LogManager.java:25 strings={'Int'=1, 'Float'=2, 'Bool'=3, 'String'=4, 'true'=5, 'false'=6, 'print'=7, 'if'=8, 'else'=9, 'while'=10, 'for'=11, 'in'=12, 'var'=13, 'let'=14, 'nil'=15, 'break'=16, 'continue'=17, 'append'=18, 'removeLast'=19, 'remove'=20, 'at'=21, 'IsEmpty'=22, 'count'=23, 'array'=24, '!='=28, '=='=29, '!'=30, '||'=31, '&&'=32, '='=33, '>='=34, '<='=35, '>'=36, '<'=37, '*'=38, '/'=39, '+'=40, '-'=41, '%'=42, '('=43, ')'=44, '{'=45, '}'=46, ':'=47, '['=48, ']'=49, ','=50, '?'=51, ';'=52, '.'=53}
